<?xml version="1.0" encoding="UTF-8" ?>
<testsuite tests="11" failures="0" name="Pruebas" time="1.433" errors="0" skipped="0">
  <properties>
[...]
</properties>
  <testcase classname="Pruebas" name="testBuscaEnfermeroExistente" time="1.006"/>
  <testcase classname="Pruebas" name="testBuscaMedicosPorEspecialidad" time="0.051"/>
  <testcase classname="Pruebas" name="testBuscarCitasAnterioresParaPacienteInexistente" time="0.05"/>
  <testcase classname="Pruebas" name="testBuscaEnfermerosPorEspecialidad" time="0.034"/>
  <testcase classname="Pruebas" name="testBuscarPacienteExistente" time="0.069"/>
  <testcase classname="Pruebas" name="testBuscaMedicoNoExistente" time="0.037"/>
  <testcase classname="Pruebas" name="testBuscarPacienteNoExistente" time="0.04"/>
  <testcase classname="Pruebas" name="testBuscarCentroSaludPorEspecialidad" time="0.036"/>
  <testcase classname="Pruebas" name="testBuscaMedicoExistente" time="0.036"/>
  <testcase classname="Pruebas" name="testBuscarCitasAnterioresParaPacienteExistente" time="0.036"/>
  <testcase classname="Pruebas" name="testBuscaEnfermeroNoExistente" time="0.038"/>
</testsuite>